<<<<<<< HEAD
<?xml version="1.0" encoding="UTF-8"?>
<!-- Generated by org.testng.reporters.JUnitReportReporter -->
<testsuite name="TestNG.TestNG1" tests="1" time="55.110" ignored="0" failures="0" timestamp="05 Jan 2017 09:04:26 GMT" skipped="0" hostname="LT-HICCONS00411" errors="0">
  <testcase name="main" time="55.110" classname="TestNG.TestNG1"/>
</testsuite> <!-- TestNG.TestNG1 -->
=======
<?xml version="1.0" encoding="UTF-8"?>
<!-- Generated by org.testng.reporters.JUnitReportReporter -->
<testsuite name="TestNG.TestNG1" tests="1" time="55.110" ignored="0" failures="0" timestamp="05 Jan 2017 09:04:26 GMT" skipped="0" hostname="LT-HICCONS00411" errors="0">
  <testcase name="main" time="55.110" classname="TestNG.TestNG1"/>
</testsuite> <!-- TestNG.TestNG1 -->
>>>>>>> 9d1073435435507aa9ee18f5cc972c1c9ac2ac10
