<?xml version="1.0" encoding="UTF-8"?>
<!-- Generated by org.testng.reporters.JUnitReportReporter -->
<testsuite hostname="INCTN249" name="TestNG.Sample" tests="1" failures="0" timestamp="1 Aug 2018 10:02:30 GMT" time="8.054" errors="0">
  <testcase name="open" time="8.054" classname="TestNG.Sample"/>
</testsuite> <!-- TestNG.Sample -->
